2025-05-17 14:03:37 [restartedMain] INFO  c.b.BookingAppBackendApplication - Starting BookingAppBackendApplication on credentek-desktop with PID 8786 (/home/credentek/Practice_workspace/booking-app-backend/target/classes started by credentek in /home/credentek/Practice_workspace/booking-app-backend)
2025-05-17 14:03:37 [restartedMain] INFO  c.b.BookingAppBackendApplication - No active profile set, falling back to default profiles: default
2025-05-17 14:03:37 [restartedMain] INFO  o.s.d.r.c.RepositoryConfigurationDelegate - Bootstrapping Spring Data JPA repositories in DEFAULT mode.
2025-05-17 14:03:37 [restartedMain] INFO  o.s.d.r.c.RepositoryConfigurationDelegate - Finished Spring Data repository scanning in 9ms. Found 1 JPA repository interfaces.
2025-05-17 14:03:37 [restartedMain] INFO  o.s.c.s.PostProcessorRegistrationDelegate$BeanPostProcessorChecker - Bean 'org.springframework.security.access.expression.method.DefaultMethodSecurityExpressionHandler@bdfaf4' of type [org.springframework.security.access.expression.method.DefaultMethodSecurityExpressionHandler] is not eligible for getting processed by all BeanPostProcessors (for example: not eligible for auto-proxying)
2025-05-17 14:03:37 [restartedMain] INFO  o.s.c.s.PostProcessorRegistrationDelegate$BeanPostProcessorChecker - Bean 'methodSecurityMetadataSource' of type [org.springframework.security.access.method.DelegatingMethodSecurityMetadataSource] is not eligible for getting processed by all BeanPostProcessors (for example: not eligible for auto-proxying)
2025-05-17 14:03:37 [restartedMain] INFO  o.s.b.w.e.tomcat.TomcatWebServer - Tomcat initialized with port(s): 8080 (http)
2025-05-17 14:03:37 [restartedMain] INFO  o.a.catalina.core.StandardService - Starting service [Tomcat]
2025-05-17 14:03:37 [restartedMain] INFO  o.a.catalina.core.StandardEngine - Starting Servlet engine: [Apache Tomcat/9.0.38]
2025-05-17 14:03:37 [restartedMain] INFO  o.a.c.c.C.[Tomcat].[localhost].[/] - Initializing Spring embedded WebApplicationContext
2025-05-17 14:03:37 [restartedMain] INFO  o.s.b.w.s.c.ServletWebServerApplicationContext - Root WebApplicationContext: initialization completed in 228 ms
2025-05-17 14:03:37 [restartedMain] INFO  o.h.jpa.internal.util.LogHelper - HHH000204: Processing PersistenceUnitInfo [name: default]
2025-05-17 14:03:37 [restartedMain] INFO  com.zaxxer.hikari.HikariDataSource - HikariPool-3 - Starting...
2025-05-17 14:03:37 [restartedMain] INFO  com.zaxxer.hikari.HikariDataSource - HikariPool-3 - Start completed.
2025-05-17 14:03:37 [restartedMain] INFO  org.hibernate.dialect.Dialect - HHH000400: Using dialect: org.hibernate.dialect.MySQL5InnoDBDialect
2025-05-17 14:03:37 [restartedMain] INFO  o.h.e.t.j.p.i.JtaPlatformInitiator - HHH000490: Using JtaPlatform implementation: [org.hibernate.engine.transaction.jta.platform.internal.NoJtaPlatform]
2025-05-17 14:03:37 [restartedMain] INFO  o.s.o.j.LocalContainerEntityManagerFactoryBean - Initialized JPA EntityManagerFactory for persistence unit 'default'
2025-05-17 14:03:38 [restartedMain] WARN  o.s.b.a.o.j.JpaBaseConfiguration$JpaWebConfiguration - spring.jpa.open-in-view is enabled by default. Therefore, database queries may be performed during view rendering. Explicitly configure spring.jpa.open-in-view to disable this warning
2025-05-17 14:03:38 [restartedMain] INFO  o.s.b.d.a.OptionalLiveReloadServer - LiveReload server is running on port 35729
2025-05-17 14:03:38 [restartedMain] INFO  o.s.s.web.DefaultSecurityFilterChain - Creating filter chain: any request, [org.springframework.security.web.context.request.async.WebAsyncManagerIntegrationFilter@2b2cb32d, org.springframework.security.web.context.SecurityContextPersistenceFilter@6c059a29, org.springframework.security.web.header.HeaderWriterFilter@7d8cf148, org.springframework.security.web.authentication.logout.LogoutFilter@29a98fc0, com.booking_app.filter.JwtFilter@4956b436, org.springframework.security.web.savedrequest.RequestCacheAwareFilter@317014d6, org.springframework.security.web.servletapi.SecurityContextHolderAwareRequestFilter@2b6cb501, org.springframework.security.web.authentication.AnonymousAuthenticationFilter@1f48873b, org.springframework.security.web.session.SessionManagementFilter@2eed8fc7, org.springframework.security.web.access.ExceptionTranslationFilter@49f28b54, org.springframework.security.web.access.intercept.FilterSecurityInterceptor@598bff3c]
2025-05-17 14:03:38 [restartedMain] INFO  o.s.s.c.ThreadPoolTaskExecutor - Initializing ExecutorService 'applicationTaskExecutor'
2025-05-17 14:03:38 [restartedMain] INFO  o.s.b.w.e.tomcat.TomcatWebServer - Tomcat started on port(s): 8080 (http) with context path ''
2025-05-17 14:03:38 [restartedMain] INFO  c.b.BookingAppBackendApplication - Started BookingAppBackendApplication in 0.71 seconds (JVM running for 223.788)
2025-05-17 14:03:38 [restartedMain] INFO  o.s.b.d.a.ConditionEvaluationDeltaLoggingListener - Condition evaluation unchanged
2025-05-17 14:05:18 [Thread-15] INFO  o.s.s.c.ThreadPoolTaskExecutor - Shutting down ExecutorService 'applicationTaskExecutor'
2025-05-17 14:05:18 [Thread-15] INFO  o.s.o.j.LocalContainerEntityManagerFactoryBean - Closing JPA EntityManagerFactory for persistence unit 'default'
2025-05-17 14:05:18 [Thread-15] INFO  com.zaxxer.hikari.HikariDataSource - HikariPool-3 - Shutdown initiated...
2025-05-17 14:05:18 [Thread-15] INFO  com.zaxxer.hikari.HikariDataSource - HikariPool-3 - Shutdown completed.
2025-05-17 14:05:19 [restartedMain] INFO  c.b.BookingAppBackendApplication - Starting BookingAppBackendApplication on credentek-desktop with PID 8786 (/home/credentek/Practice_workspace/booking-app-backend/target/classes started by credentek in /home/credentek/Practice_workspace/booking-app-backend)
2025-05-17 14:05:19 [restartedMain] INFO  c.b.BookingAppBackendApplication - No active profile set, falling back to default profiles: default
2025-05-17 14:05:25 [background-preinit] INFO  o.h.validator.internal.util.Version - HV000001: Hibernate Validator 6.0.20.Final
2025-05-17 14:05:26 [restartedMain] INFO  c.b.BookingAppBackendApplication - Starting BookingAppBackendApplication on credentek-desktop with PID 9096 (/home/credentek/Practice_workspace/booking-app-backend/target/classes started by credentek in /home/credentek/Practice_workspace/booking-app-backend)
2025-05-17 14:05:26 [restartedMain] INFO  c.b.BookingAppBackendApplication - No active profile set, falling back to default profiles: default
2025-05-17 14:05:26 [restartedMain] INFO  o.s.b.d.e.DevToolsPropertyDefaultsPostProcessor - Devtools property defaults active! Set 'spring.devtools.add-properties' to 'false' to disable
2025-05-17 14:05:26 [restartedMain] INFO  o.s.b.d.e.DevToolsPropertyDefaultsPostProcessor - For additional web related logging consider setting the 'logging.level.web' property to 'DEBUG'
2025-05-17 14:05:26 [restartedMain] INFO  o.s.d.r.c.RepositoryConfigurationDelegate - Bootstrapping Spring Data JPA repositories in DEFAULT mode.
2025-05-17 14:05:26 [restartedMain] INFO  o.s.d.r.c.RepositoryConfigurationDelegate - Finished Spring Data repository scanning in 45ms. Found 1 JPA repository interfaces.
2025-05-17 14:05:26 [restartedMain] INFO  o.s.c.s.PostProcessorRegistrationDelegate$BeanPostProcessorChecker - Bean 'org.springframework.security.access.expression.method.DefaultMethodSecurityExpressionHandler@54c4aa8e' of type [org.springframework.security.access.expression.method.DefaultMethodSecurityExpressionHandler] is not eligible for getting processed by all BeanPostProcessors (for example: not eligible for auto-proxying)
2025-05-17 14:05:26 [restartedMain] INFO  o.s.c.s.PostProcessorRegistrationDelegate$BeanPostProcessorChecker - Bean 'methodSecurityMetadataSource' of type [org.springframework.security.access.method.DelegatingMethodSecurityMetadataSource] is not eligible for getting processed by all BeanPostProcessors (for example: not eligible for auto-proxying)
2025-05-17 14:05:27 [restartedMain] INFO  o.s.b.w.e.tomcat.TomcatWebServer - Tomcat initialized with port(s): 8080 (http)
2025-05-17 14:05:27 [restartedMain] INFO  o.a.coyote.http11.Http11NioProtocol - Initializing ProtocolHandler ["http-nio-8080"]
2025-05-17 14:05:27 [restartedMain] INFO  o.a.catalina.core.StandardService - Starting service [Tomcat]
2025-05-17 14:05:27 [restartedMain] INFO  o.a.catalina.core.StandardEngine - Starting Servlet engine: [Apache Tomcat/9.0.38]
2025-05-17 14:05:27 [restartedMain] INFO  o.a.c.c.C.[Tomcat].[localhost].[/] - Initializing Spring embedded WebApplicationContext
2025-05-17 14:05:27 [restartedMain] INFO  o.s.b.w.s.c.ServletWebServerApplicationContext - Root WebApplicationContext: initialization completed in 1176 ms
2025-05-17 14:05:27 [restartedMain] INFO  o.h.jpa.internal.util.LogHelper - HHH000204: Processing PersistenceUnitInfo [name: default]
2025-05-17 14:05:27 [restartedMain] INFO  org.hibernate.Version - HHH000412: Hibernate ORM core version 5.4.21.Final
2025-05-17 14:05:27 [restartedMain] INFO  o.h.annotations.common.Version - HCANN000001: Hibernate Commons Annotations {5.1.0.Final}
2025-05-17 14:05:27 [restartedMain] INFO  com.zaxxer.hikari.HikariDataSource - HikariPool-1 - Starting...
2025-05-17 14:05:27 [restartedMain] INFO  com.zaxxer.hikari.HikariDataSource - HikariPool-1 - Start completed.
2025-05-17 14:05:28 [restartedMain] INFO  org.hibernate.dialect.Dialect - HHH000400: Using dialect: org.hibernate.dialect.MySQL5InnoDBDialect
2025-05-17 14:05:28 [restartedMain] INFO  o.h.e.t.j.p.i.JtaPlatformInitiator - HHH000490: Using JtaPlatform implementation: [org.hibernate.engine.transaction.jta.platform.internal.NoJtaPlatform]
2025-05-17 14:05:28 [restartedMain] INFO  o.s.o.j.LocalContainerEntityManagerFactoryBean - Initialized JPA EntityManagerFactory for persistence unit 'default'
2025-05-17 14:05:28 [restartedMain] WARN  o.s.b.a.o.j.JpaBaseConfiguration$JpaWebConfiguration - spring.jpa.open-in-view is enabled by default. Therefore, database queries may be performed during view rendering. Explicitly configure spring.jpa.open-in-view to disable this warning
2025-05-17 14:05:29 [restartedMain] INFO  o.s.b.d.a.OptionalLiveReloadServer - LiveReload server is running on port 35729
2025-05-17 14:05:29 [restartedMain] DEBUG o.s.s.c.a.a.c.AuthenticationConfiguration$EnableGlobalAuthenticationAutowiredConfigurer - Eagerly initializing {securityConfig=com.booking_app.config.SecurityConfig$$EnhancerBySpringCGLIB$$7b878b59@36b9851d}
2025-05-17 14:05:29 [restartedMain] DEBUG o.s.s.a.p.PrePostAnnotationSecurityMetadataSource - @org.springframework.security.access.prepost.PreAuthorize(value=hasRole('MANAGER')) found on specific method: public java.lang.String com.booking_app.controller.UserController.hello()
2025-05-17 14:05:29 [restartedMain] DEBUG o.s.s.a.m.DelegatingMethodSecurityMetadataSource - Caching method [CacheKey[com.booking_app.controller.UserController; public java.lang.String com.booking_app.controller.UserController.hello()]] with attributes [[authorize: 'hasRole('MANAGER')', filter: 'null', filterTarget: 'null']]
2025-05-17 14:05:29 [restartedMain] DEBUG o.s.s.a.i.a.MethodSecurityInterceptor - Validated configuration attributes
2025-05-17 14:05:29 [restartedMain] DEBUG o.s.s.a.p.PrePostAnnotationSecurityMetadataSource - @org.springframework.security.access.prepost.PreAuthorize(value=hasRole('ADMIN')) found on specific method: public org.springframework.http.ResponseEntity com.booking_app.controller.UserController.register(com.booking_app.Dto.UserDto)
2025-05-17 14:05:29 [restartedMain] DEBUG o.s.s.a.m.DelegatingMethodSecurityMetadataSource - Caching method [CacheKey[com.booking_app.controller.UserController; public org.springframework.http.ResponseEntity com.booking_app.controller.UserController.register(com.booking_app.Dto.UserDto)]] with attributes [[authorize: 'hasRole('ADMIN')', filter: 'null', filterTarget: 'null']]
2025-05-17 14:05:29 [restartedMain] DEBUG o.s.s.w.a.e.ExpressionBasedFilterInvocationSecurityMetadataSource - Adding web access control expression 'permitAll', for Ant [pattern='/user/login']
2025-05-17 14:05:29 [restartedMain] DEBUG o.s.s.w.a.e.ExpressionBasedFilterInvocationSecurityMetadataSource - Adding web access control expression 'authenticated', for any request
2025-05-17 14:05:29 [restartedMain] DEBUG o.s.s.w.a.i.FilterSecurityInterceptor - Validated configuration attributes
2025-05-17 14:05:29 [restartedMain] DEBUG o.s.s.w.a.i.FilterSecurityInterceptor - Validated configuration attributes
2025-05-17 14:05:29 [restartedMain] INFO  o.s.s.web.DefaultSecurityFilterChain - Creating filter chain: any request, [org.springframework.security.web.context.request.async.WebAsyncManagerIntegrationFilter@7275e4dc, org.springframework.security.web.context.SecurityContextPersistenceFilter@61e53015, org.springframework.security.web.header.HeaderWriterFilter@32b72807, org.springframework.security.web.authentication.logout.LogoutFilter@5647061a, com.booking_app.filter.JwtFilter@4834c790, org.springframework.security.web.savedrequest.RequestCacheAwareFilter@545ef7b9, org.springframework.security.web.servletapi.SecurityContextHolderAwareRequestFilter@4d4f8c35, org.springframework.security.web.authentication.AnonymousAuthenticationFilter@678926b7, org.springframework.security.web.session.SessionManagementFilter@26ebcf72, org.springframework.security.web.access.ExceptionTranslationFilter@1a175fbc, org.springframework.security.web.access.intercept.FilterSecurityInterceptor@25ed38f6]
2025-05-17 14:05:29 [restartedMain] INFO  o.s.s.c.ThreadPoolTaskExecutor - Initializing ExecutorService 'applicationTaskExecutor'
2025-05-17 14:05:29 [restartedMain] INFO  o.a.coyote.http11.Http11NioProtocol - Starting ProtocolHandler ["http-nio-8080"]
2025-05-17 14:05:29 [restartedMain] INFO  o.s.b.w.e.tomcat.TomcatWebServer - Tomcat started on port(s): 8080 (http) with context path ''
2025-05-17 14:05:29 [restartedMain] INFO  c.b.BookingAppBackendApplication - Started BookingAppBackendApplication in 3.978 seconds (JVM running for 4.62)
2025-05-17 14:06:00 [Thread-6] INFO  o.s.s.c.ThreadPoolTaskExecutor - Shutting down ExecutorService 'applicationTaskExecutor'
2025-05-17 14:06:00 [Thread-6] INFO  o.s.o.j.LocalContainerEntityManagerFactoryBean - Closing JPA EntityManagerFactory for persistence unit 'default'
2025-05-17 14:06:00 [Thread-6] INFO  com.zaxxer.hikari.HikariDataSource - HikariPool-1 - Shutdown initiated...
2025-05-17 14:06:00 [Thread-6] INFO  com.zaxxer.hikari.HikariDataSource - HikariPool-1 - Shutdown completed.
2025-05-17 14:06:00 [restartedMain] INFO  c.b.BookingAppBackendApplication - Starting BookingAppBackendApplication on credentek-desktop with PID 9096 (/home/credentek/Practice_workspace/booking-app-backend/target/classes started by credentek in /home/credentek/Practice_workspace/booking-app-backend)
2025-05-17 14:06:00 [restartedMain] INFO  c.b.BookingAppBackendApplication - No active profile set, falling back to default profiles: default
2025-05-17 14:06:00 [restartedMain] INFO  o.s.d.r.c.RepositoryConfigurationDelegate - Bootstrapping Spring Data JPA repositories in DEFAULT mode.
2025-05-17 14:06:00 [restartedMain] INFO  o.s.d.r.c.RepositoryConfigurationDelegate - Finished Spring Data repository scanning in 6ms. Found 1 JPA repository interfaces.
2025-05-17 14:06:00 [restartedMain] INFO  o.s.c.s.PostProcessorRegistrationDelegate$BeanPostProcessorChecker - Bean 'org.springframework.security.access.expression.method.DefaultMethodSecurityExpressionHandler@528c5195' of type [org.springframework.security.access.expression.method.DefaultMethodSecurityExpressionHandler] is not eligible for getting processed by all BeanPostProcessors (for example: not eligible for auto-proxying)
2025-05-17 14:06:00 [restartedMain] INFO  o.s.c.s.PostProcessorRegistrationDelegate$BeanPostProcessorChecker - Bean 'methodSecurityMetadataSource' of type [org.springframework.security.access.method.DelegatingMethodSecurityMetadataSource] is not eligible for getting processed by all BeanPostProcessors (for example: not eligible for auto-proxying)
2025-05-17 14:06:00 [restartedMain] INFO  o.s.b.w.e.tomcat.TomcatWebServer - Tomcat initialized with port(s): 8080 (http)
2025-05-17 14:06:00 [restartedMain] INFO  o.a.coyote.http11.Http11NioProtocol - Initializing ProtocolHandler ["http-nio-8080"]
2025-05-17 14:06:00 [restartedMain] INFO  o.a.catalina.core.StandardService - Starting service [Tomcat]
2025-05-17 14:06:00 [restartedMain] INFO  o.a.catalina.core.StandardEngine - Starting Servlet engine: [Apache Tomcat/9.0.38]
2025-05-17 14:06:00 [restartedMain] INFO  o.a.c.c.C.[Tomcat].[localhost].[/] - Initializing Spring embedded WebApplicationContext
2025-05-17 14:06:00 [restartedMain] INFO  o.s.b.w.s.c.ServletWebServerApplicationContext - Root WebApplicationContext: initialization completed in 249 ms
2025-05-17 14:06:00 [restartedMain] INFO  o.h.jpa.internal.util.LogHelper - HHH000204: Processing PersistenceUnitInfo [name: default]
2025-05-17 14:06:00 [restartedMain] INFO  com.zaxxer.hikari.HikariDataSource - HikariPool-2 - Starting...
2025-05-17 14:06:00 [restartedMain] INFO  com.zaxxer.hikari.HikariDataSource - HikariPool-2 - Start completed.
2025-05-17 14:06:00 [restartedMain] INFO  org.hibernate.dialect.Dialect - HHH000400: Using dialect: org.hibernate.dialect.MySQL5InnoDBDialect
2025-05-17 14:06:00 [restartedMain] INFO  o.h.e.t.j.p.i.JtaPlatformInitiator - HHH000490: Using JtaPlatform implementation: [org.hibernate.engine.transaction.jta.platform.internal.NoJtaPlatform]
2025-05-17 14:06:00 [restartedMain] INFO  o.s.o.j.LocalContainerEntityManagerFactoryBean - Initialized JPA EntityManagerFactory for persistence unit 'default'
2025-05-17 14:06:00 [restartedMain] WARN  o.s.b.a.o.j.JpaBaseConfiguration$JpaWebConfiguration - spring.jpa.open-in-view is enabled by default. Therefore, database queries may be performed during view rendering. Explicitly configure spring.jpa.open-in-view to disable this warning
2025-05-17 14:06:00 [restartedMain] INFO  o.s.b.d.a.OptionalLiveReloadServer - LiveReload server is running on port 35729
2025-05-17 14:06:00 [restartedMain] DEBUG o.s.s.c.a.a.c.AuthenticationConfiguration$EnableGlobalAuthenticationAutowiredConfigurer - Eagerly initializing {securityConfig=com.booking_app.config.SecurityConfig$$EnhancerBySpringCGLIB$$7b878b59@5f09e1c5}
2025-05-17 14:06:00 [restartedMain] DEBUG o.s.s.a.p.PrePostAnnotationSecurityMetadataSource - @org.springframework.security.access.prepost.PreAuthorize(value=hasRole('MANAGER')) found on specific method: public java.lang.String com.booking_app.controller.UserController.hello()
2025-05-17 14:06:00 [restartedMain] DEBUG o.s.s.a.m.DelegatingMethodSecurityMetadataSource - Caching method [CacheKey[com.booking_app.controller.UserController; public java.lang.String com.booking_app.controller.UserController.hello()]] with attributes [[authorize: 'hasRole('MANAGER')', filter: 'null', filterTarget: 'null']]
2025-05-17 14:06:00 [restartedMain] DEBUG o.s.s.a.i.a.MethodSecurityInterceptor - Validated configuration attributes
2025-05-17 14:06:00 [restartedMain] DEBUG o.s.s.a.p.PrePostAnnotationSecurityMetadataSource - @org.springframework.security.access.prepost.PreAuthorize(value=hasRole('ADMIN')) found on specific method: public org.springframework.http.ResponseEntity com.booking_app.controller.UserController.register(com.booking_app.Dto.UserDto)
2025-05-17 14:06:00 [restartedMain] DEBUG o.s.s.a.m.DelegatingMethodSecurityMetadataSource - Caching method [CacheKey[com.booking_app.controller.UserController; public org.springframework.http.ResponseEntity com.booking_app.controller.UserController.register(com.booking_app.Dto.UserDto)]] with attributes [[authorize: 'hasRole('ADMIN')', filter: 'null', filterTarget: 'null']]
2025-05-17 14:06:00 [restartedMain] DEBUG o.s.s.w.a.e.ExpressionBasedFilterInvocationSecurityMetadataSource - Adding web access control expression 'permitAll', for Ant [pattern='/user/login']
2025-05-17 14:06:00 [restartedMain] DEBUG o.s.s.w.a.e.ExpressionBasedFilterInvocationSecurityMetadataSource - Adding web access control expression 'authenticated', for any request
2025-05-17 14:06:00 [restartedMain] DEBUG o.s.s.w.a.i.FilterSecurityInterceptor - Validated configuration attributes
2025-05-17 14:06:00 [restartedMain] DEBUG o.s.s.w.a.i.FilterSecurityInterceptor - Validated configuration attributes
2025-05-17 14:06:00 [restartedMain] INFO  o.s.s.web.DefaultSecurityFilterChain - Creating filter chain: any request, [org.springframework.security.web.context.request.async.WebAsyncManagerIntegrationFilter@418d58b3, org.springframework.security.web.context.SecurityContextPersistenceFilter@471ecd54, org.springframework.security.web.header.HeaderWriterFilter@6b4c6f77, org.springframework.security.web.authentication.logout.LogoutFilter@1412630f, com.booking_app.filter.JwtFilter@5ca2b50d, org.springframework.security.web.savedrequest.RequestCacheAwareFilter@4825e445, org.springframework.security.web.servletapi.SecurityContextHolderAwareRequestFilter@409a1de1, org.springframework.security.web.authentication.AnonymousAuthenticationFilter@6ba644f9, org.springframework.security.web.session.SessionManagementFilter@6871ab3d, org.springframework.security.web.access.ExceptionTranslationFilter@72dfad67, org.springframework.security.web.access.intercept.FilterSecurityInterceptor@1c635c15]
2025-05-17 14:06:01 [restartedMain] INFO  o.s.s.c.ThreadPoolTaskExecutor - Initializing ExecutorService 'applicationTaskExecutor'
2025-05-17 14:06:01 [restartedMain] INFO  o.a.coyote.http11.Http11NioProtocol - Starting ProtocolHandler ["http-nio-8080"]
2025-05-17 14:06:01 [restartedMain] INFO  o.s.b.w.e.tomcat.TomcatWebServer - Tomcat started on port(s): 8080 (http) with context path ''
2025-05-17 14:06:01 [restartedMain] INFO  c.b.BookingAppBackendApplication - Started BookingAppBackendApplication in 0.768 seconds (JVM running for 36.051)
2025-05-17 14:06:01 [restartedMain] INFO  o.s.b.d.a.ConditionEvaluationDeltaLoggingListener - Condition evaluation unchanged
2025-05-17 14:06:11 [Thread-10] INFO  o.s.s.c.ThreadPoolTaskExecutor - Shutting down ExecutorService 'applicationTaskExecutor'
2025-05-17 14:06:11 [Thread-10] INFO  o.s.o.j.LocalContainerEntityManagerFactoryBean - Closing JPA EntityManagerFactory for persistence unit 'default'
2025-05-17 14:06:11 [Thread-10] INFO  com.zaxxer.hikari.HikariDataSource - HikariPool-2 - Shutdown initiated...
2025-05-17 14:06:11 [Thread-10] INFO  com.zaxxer.hikari.HikariDataSource - HikariPool-2 - Shutdown completed.
2025-05-17 14:07:20 [restartedMain] INFO  c.b.BookingAppBackendApplication - Starting BookingAppBackendApplication on credentek-desktop with PID 9096 (/home/credentek/Practice_workspace/booking-app-backend/target/classes started by credentek in /home/credentek/Practice_workspace/booking-app-backend)
2025-05-17 14:07:20 [restartedMain] INFO  c.b.BookingAppBackendApplication - No active profile set, falling back to default profiles: default
2025-05-17 14:07:20 [restartedMain] INFO  o.s.d.r.c.RepositoryConfigurationDelegate - Bootstrapping Spring Data JPA repositories in DEFAULT mode.
2025-05-17 14:07:20 [restartedMain] INFO  o.s.d.r.c.RepositoryConfigurationDelegate - Finished Spring Data repository scanning in 6ms. Found 1 JPA repository interfaces.
2025-05-17 14:07:20 [restartedMain] INFO  o.s.c.s.PostProcessorRegistrationDelegate$BeanPostProcessorChecker - Bean 'org.springframework.security.access.expression.method.DefaultMethodSecurityExpressionHandler@213b9315' of type [org.springframework.security.access.expression.method.DefaultMethodSecurityExpressionHandler] is not eligible for getting processed by all BeanPostProcessors (for example: not eligible for auto-proxying)
2025-05-17 14:07:20 [restartedMain] INFO  o.s.c.s.PostProcessorRegistrationDelegate$BeanPostProcessorChecker - Bean 'methodSecurityMetadataSource' of type [org.springframework.security.access.method.DelegatingMethodSecurityMetadataSource] is not eligible for getting processed by all BeanPostProcessors (for example: not eligible for auto-proxying)
2025-05-17 14:07:20 [restartedMain] INFO  o.s.b.w.e.tomcat.TomcatWebServer - Tomcat initialized with port(s): 8080 (http)
2025-05-17 14:07:20 [restartedMain] INFO  o.a.coyote.http11.Http11NioProtocol - Initializing ProtocolHandler ["http-nio-8080"]
2025-05-17 14:07:20 [restartedMain] INFO  o.a.catalina.core.StandardService - Starting service [Tomcat]
2025-05-17 14:07:20 [restartedMain] INFO  o.a.catalina.core.StandardEngine - Starting Servlet engine: [Apache Tomcat/9.0.38]
2025-05-17 14:07:20 [restartedMain] INFO  o.a.c.c.C.[Tomcat].[localhost].[/] - Initializing Spring embedded WebApplicationContext
2025-05-17 14:07:20 [restartedMain] INFO  o.s.b.w.s.c.ServletWebServerApplicationContext - Root WebApplicationContext: initialization completed in 235 ms
2025-05-17 14:07:20 [restartedMain] INFO  o.h.jpa.internal.util.LogHelper - HHH000204: Processing PersistenceUnitInfo [name: default]
2025-05-17 14:07:20 [restartedMain] INFO  com.zaxxer.hikari.HikariDataSource - HikariPool-3 - Starting...
2025-05-17 14:07:20 [restartedMain] INFO  com.zaxxer.hikari.HikariDataSource - HikariPool-3 - Start completed.
2025-05-17 14:07:20 [restartedMain] INFO  org.hibernate.dialect.Dialect - HHH000400: Using dialect: org.hibernate.dialect.MySQL5InnoDBDialect
2025-05-17 14:07:20 [restartedMain] INFO  o.h.e.t.j.p.i.JtaPlatformInitiator - HHH000490: Using JtaPlatform implementation: [org.hibernate.engine.transaction.jta.platform.internal.NoJtaPlatform]
2025-05-17 14:07:20 [restartedMain] INFO  o.s.o.j.LocalContainerEntityManagerFactoryBean - Initialized JPA EntityManagerFactory for persistence unit 'default'
2025-05-17 14:07:20 [restartedMain] WARN  o.s.b.a.o.j.JpaBaseConfiguration$JpaWebConfiguration - spring.jpa.open-in-view is enabled by default. Therefore, database queries may be performed during view rendering. Explicitly configure spring.jpa.open-in-view to disable this warning
2025-05-17 14:07:20 [restartedMain] INFO  o.s.b.d.a.OptionalLiveReloadServer - LiveReload server is running on port 35729
2025-05-17 14:07:20 [restartedMain] DEBUG o.s.s.c.a.a.c.AuthenticationConfiguration$EnableGlobalAuthenticationAutowiredConfigurer - Eagerly initializing {securityConfig=com.booking_app.config.SecurityConfig$$EnhancerBySpringCGLIB$$7b878b59@6101054}
2025-05-17 14:07:20 [restartedMain] DEBUG o.s.s.a.p.PrePostAnnotationSecurityMetadataSource - @org.springframework.security.access.prepost.PreAuthorize(value=hasRole('MANAGER')) found on specific method: public java.lang.String com.booking_app.controller.UserController.hello()
2025-05-17 14:07:20 [restartedMain] DEBUG o.s.s.a.m.DelegatingMethodSecurityMetadataSource - Caching method [CacheKey[com.booking_app.controller.UserController; public java.lang.String com.booking_app.controller.UserController.hello()]] with attributes [[authorize: 'hasRole('MANAGER')', filter: 'null', filterTarget: 'null']]
2025-05-17 14:07:20 [restartedMain] DEBUG o.s.s.a.i.a.MethodSecurityInterceptor - Validated configuration attributes
2025-05-17 14:07:20 [restartedMain] DEBUG o.s.s.a.p.PrePostAnnotationSecurityMetadataSource - @org.springframework.security.access.prepost.PreAuthorize(value=hasRole('ADMIN')) found on specific method: public org.springframework.http.ResponseEntity com.booking_app.controller.UserController.register(com.booking_app.Dto.UserDto)
2025-05-17 14:07:20 [restartedMain] DEBUG o.s.s.a.m.DelegatingMethodSecurityMetadataSource - Caching method [CacheKey[com.booking_app.controller.UserController; public org.springframework.http.ResponseEntity com.booking_app.controller.UserController.register(com.booking_app.Dto.UserDto)]] with attributes [[authorize: 'hasRole('ADMIN')', filter: 'null', filterTarget: 'null']]
2025-05-17 14:07:20 [restartedMain] DEBUG o.s.s.w.a.e.ExpressionBasedFilterInvocationSecurityMetadataSource - Adding web access control expression 'permitAll', for Ant [pattern='/user/login']
2025-05-17 14:07:20 [restartedMain] DEBUG o.s.s.w.a.e.ExpressionBasedFilterInvocationSecurityMetadataSource - Adding web access control expression 'authenticated', for any request
2025-05-17 14:07:20 [restartedMain] DEBUG o.s.s.w.a.i.FilterSecurityInterceptor - Validated configuration attributes
2025-05-17 14:07:20 [restartedMain] DEBUG o.s.s.w.a.i.FilterSecurityInterceptor - Validated configuration attributes
2025-05-17 14:07:20 [restartedMain] INFO  o.s.s.web.DefaultSecurityFilterChain - Creating filter chain: any request, [org.springframework.security.web.context.request.async.WebAsyncManagerIntegrationFilter@637f05c2, org.springframework.security.web.context.SecurityContextPersistenceFilter@3e318619, org.springframework.security.web.header.HeaderWriterFilter@7f06fe22, org.springframework.security.web.authentication.logout.LogoutFilter@316d8789, com.booking_app.filter.JwtFilter@608a8069, org.springframework.security.web.savedrequest.RequestCacheAwareFilter@3fa8b585, org.springframework.security.web.servletapi.SecurityContextHolderAwareRequestFilter@7797bbbc, org.springframework.security.web.authentication.AnonymousAuthenticationFilter@7843b5f8, org.springframework.security.web.session.SessionManagementFilter@14fc083b, org.springframework.security.web.access.ExceptionTranslationFilter@5dfb9c76, org.springframework.security.web.access.intercept.FilterSecurityInterceptor@7a74c0fd]
2025-05-17 14:07:20 [restartedMain] INFO  o.s.s.c.ThreadPoolTaskExecutor - Initializing ExecutorService 'applicationTaskExecutor'
2025-05-17 14:07:21 [restartedMain] INFO  o.a.coyote.http11.Http11NioProtocol - Starting ProtocolHandler ["http-nio-8080"]
2025-05-17 14:07:21 [restartedMain] INFO  o.s.b.w.e.tomcat.TomcatWebServer - Tomcat started on port(s): 8080 (http) with context path ''
2025-05-17 14:07:21 [restartedMain] INFO  c.b.BookingAppBackendApplication - Started BookingAppBackendApplication in 0.728 seconds (JVM running for 115.958)
2025-05-17 14:07:21 [restartedMain] INFO  o.s.b.d.a.ConditionEvaluationDeltaLoggingListener - Condition evaluation unchanged
2025-05-17 14:07:25 [RMI TCP Connection(4)-127.0.0.1] INFO  o.s.b.a.SpringApplicationAdminMXBeanRegistrar$SpringApplicationAdmin - Application shutdown requested.
2025-05-17 14:07:25 [RMI TCP Connection(4)-127.0.0.1] INFO  o.s.s.c.ThreadPoolTaskExecutor - Shutting down ExecutorService 'applicationTaskExecutor'
2025-05-17 14:07:25 [RMI TCP Connection(4)-127.0.0.1] INFO  o.s.o.j.LocalContainerEntityManagerFactoryBean - Closing JPA EntityManagerFactory for persistence unit 'default'
2025-05-17 14:07:25 [RMI TCP Connection(4)-127.0.0.1] INFO  com.zaxxer.hikari.HikariDataSource - HikariPool-3 - Shutdown initiated...
2025-05-17 14:07:25 [RMI TCP Connection(4)-127.0.0.1] INFO  com.zaxxer.hikari.HikariDataSource - HikariPool-3 - Shutdown completed.
2025-05-17 14:07:30 [background-preinit] INFO  o.h.validator.internal.util.Version - HV000001: Hibernate Validator 6.0.20.Final
2025-05-17 14:07:30 [restartedMain] INFO  c.b.BookingAppBackendApplication - Starting BookingAppBackendApplication on credentek-desktop with PID 9325 (/home/credentek/Practice_workspace/booking-app-backend/target/classes started by credentek in /home/credentek/Practice_workspace/booking-app-backend)
2025-05-17 14:07:30 [restartedMain] INFO  c.b.BookingAppBackendApplication - No active profile set, falling back to default profiles: default
2025-05-17 14:07:30 [restartedMain] INFO  o.s.b.d.e.DevToolsPropertyDefaultsPostProcessor - Devtools property defaults active! Set 'spring.devtools.add-properties' to 'false' to disable
2025-05-17 14:07:30 [restartedMain] INFO  o.s.b.d.e.DevToolsPropertyDefaultsPostProcessor - For additional web related logging consider setting the 'logging.level.web' property to 'DEBUG'
2025-05-17 14:07:31 [restartedMain] INFO  o.s.d.r.c.RepositoryConfigurationDelegate - Bootstrapping Spring Data JPA repositories in DEFAULT mode.
2025-05-17 14:07:31 [restartedMain] INFO  o.s.d.r.c.RepositoryConfigurationDelegate - Finished Spring Data repository scanning in 85ms. Found 1 JPA repository interfaces.
2025-05-17 14:07:31 [restartedMain] INFO  o.s.c.s.PostProcessorRegistrationDelegate$BeanPostProcessorChecker - Bean 'org.springframework.security.access.expression.method.DefaultMethodSecurityExpressionHandler@205e30da' of type [org.springframework.security.access.expression.method.DefaultMethodSecurityExpressionHandler] is not eligible for getting processed by all BeanPostProcessors (for example: not eligible for auto-proxying)
2025-05-17 14:07:31 [restartedMain] INFO  o.s.c.s.PostProcessorRegistrationDelegate$BeanPostProcessorChecker - Bean 'methodSecurityMetadataSource' of type [org.springframework.security.access.method.DelegatingMethodSecurityMetadataSource] is not eligible for getting processed by all BeanPostProcessors (for example: not eligible for auto-proxying)
2025-05-17 14:07:32 [restartedMain] INFO  o.s.b.w.e.tomcat.TomcatWebServer - Tomcat initialized with port(s): 8080 (http)
2025-05-17 14:07:32 [restartedMain] INFO  o.a.coyote.http11.Http11NioProtocol - Initializing ProtocolHandler ["http-nio-8080"]
2025-05-17 14:07:32 [restartedMain] INFO  o.a.catalina.core.StandardService - Starting service [Tomcat]
2025-05-17 14:07:32 [restartedMain] INFO  o.a.catalina.core.StandardEngine - Starting Servlet engine: [Apache Tomcat/9.0.38]
2025-05-17 14:07:32 [restartedMain] INFO  o.a.c.c.C.[Tomcat].[localhost].[/] - Initializing Spring embedded WebApplicationContext
2025-05-17 14:07:32 [restartedMain] INFO  o.s.b.w.s.c.ServletWebServerApplicationContext - Root WebApplicationContext: initialization completed in 1979 ms
2025-05-17 14:07:32 [restartedMain] INFO  o.h.jpa.internal.util.LogHelper - HHH000204: Processing PersistenceUnitInfo [name: default]
2025-05-17 14:07:32 [restartedMain] INFO  org.hibernate.Version - HHH000412: Hibernate ORM core version 5.4.21.Final
2025-05-17 14:07:32 [restartedMain] INFO  o.h.annotations.common.Version - HCANN000001: Hibernate Commons Annotations {5.1.0.Final}
2025-05-17 14:07:32 [restartedMain] INFO  com.zaxxer.hikari.HikariDataSource - HikariPool-1 - Starting...
2025-05-17 14:10:46 [background-preinit] INFO  o.h.validator.internal.util.Version - HV000001: Hibernate Validator 6.0.20.Final
2025-05-17 14:10:46 [restartedMain] INFO  c.b.BookingAppBackendApplication - Starting BookingAppBackendApplication on credentek-desktop with PID 9568 (/home/credentek/Practice_workspace/booking-app-backend/target/classes started by credentek in /home/credentek/Practice_workspace/booking-app-backend)
2025-05-17 14:10:46 [restartedMain] INFO  c.b.BookingAppBackendApplication - No active profile set, falling back to default profiles: default
2025-05-17 14:10:46 [restartedMain] INFO  o.s.b.d.e.DevToolsPropertyDefaultsPostProcessor - Devtools property defaults active! Set 'spring.devtools.add-properties' to 'false' to disable
2025-05-17 14:10:46 [restartedMain] INFO  o.s.b.d.e.DevToolsPropertyDefaultsPostProcessor - For additional web related logging consider setting the 'logging.level.web' property to 'DEBUG'
2025-05-17 14:10:47 [restartedMain] INFO  o.s.d.r.c.RepositoryConfigurationDelegate - Bootstrapping Spring Data JPA repositories in DEFAULT mode.
2025-05-17 14:10:47 [restartedMain] INFO  o.s.d.r.c.RepositoryConfigurationDelegate - Finished Spring Data repository scanning in 59ms. Found 1 JPA repository interfaces.
2025-05-17 14:10:47 [restartedMain] INFO  o.s.c.s.PostProcessorRegistrationDelegate$BeanPostProcessorChecker - Bean 'org.springframework.security.access.expression.method.DefaultMethodSecurityExpressionHandler@306d9b4c' of type [org.springframework.security.access.expression.method.DefaultMethodSecurityExpressionHandler] is not eligible for getting processed by all BeanPostProcessors (for example: not eligible for auto-proxying)
2025-05-17 14:10:47 [restartedMain] INFO  o.s.c.s.PostProcessorRegistrationDelegate$BeanPostProcessorChecker - Bean 'methodSecurityMetadataSource' of type [org.springframework.security.access.method.DelegatingMethodSecurityMetadataSource] is not eligible for getting processed by all BeanPostProcessors (for example: not eligible for auto-proxying)
2025-05-17 14:10:47 [restartedMain] INFO  o.s.b.w.e.tomcat.TomcatWebServer - Tomcat initialized with port(s): 8080 (http)
2025-05-17 14:10:47 [restartedMain] INFO  o.a.coyote.http11.Http11NioProtocol - Initializing ProtocolHandler ["http-nio-8080"]
2025-05-17 14:10:47 [restartedMain] INFO  o.a.catalina.core.StandardService - Starting service [Tomcat]
2025-05-17 14:10:47 [restartedMain] INFO  o.a.catalina.core.StandardEngine - Starting Servlet engine: [Apache Tomcat/9.0.38]
2025-05-17 14:10:47 [restartedMain] INFO  o.a.c.c.C.[Tomcat].[localhost].[/] - Initializing Spring embedded WebApplicationContext
2025-05-17 14:10:47 [restartedMain] INFO  o.s.b.w.s.c.ServletWebServerApplicationContext - Root WebApplicationContext: initialization completed in 1414 ms
2025-05-17 14:10:48 [restartedMain] INFO  o.h.jpa.internal.util.LogHelper - HHH000204: Processing PersistenceUnitInfo [name: default]
2025-05-17 14:10:48 [restartedMain] INFO  org.hibernate.Version - HHH000412: Hibernate ORM core version 5.4.21.Final
2025-05-17 14:10:48 [restartedMain] INFO  o.h.annotations.common.Version - HCANN000001: Hibernate Commons Annotations {5.1.0.Final}
2025-05-17 14:10:48 [restartedMain] INFO  com.zaxxer.hikari.HikariDataSource - HikariPool-1 - Starting...
2025-05-17 14:10:48 [restartedMain] INFO  com.zaxxer.hikari.HikariDataSource - HikariPool-1 - Start completed.
2025-05-17 14:10:48 [restartedMain] INFO  org.hibernate.dialect.Dialect - HHH000400: Using dialect: org.hibernate.dialect.MySQL5InnoDBDialect
2025-05-17 14:10:49 [restartedMain] INFO  o.h.e.t.j.p.i.JtaPlatformInitiator - HHH000490: Using JtaPlatform implementation: [org.hibernate.engine.transaction.jta.platform.internal.NoJtaPlatform]
2025-05-17 14:10:49 [restartedMain] INFO  o.s.o.j.LocalContainerEntityManagerFactoryBean - Initialized JPA EntityManagerFactory for persistence unit 'default'
2025-05-17 14:10:49 [restartedMain] WARN  o.s.b.a.o.j.JpaBaseConfiguration$JpaWebConfiguration - spring.jpa.open-in-view is enabled by default. Therefore, database queries may be performed during view rendering. Explicitly configure spring.jpa.open-in-view to disable this warning
2025-05-17 14:10:50 [restartedMain] INFO  o.s.b.d.a.OptionalLiveReloadServer - LiveReload server is running on port 35729
2025-05-17 14:10:50 [restartedMain] DEBUG o.s.s.c.a.a.c.AuthenticationConfiguration$EnableGlobalAuthenticationAutowiredConfigurer - Eagerly initializing {securityConfig=com.booking_app.config.SecurityConfig$$EnhancerBySpringCGLIB$$cd96c61@2433529f}
2025-05-17 14:10:50 [restartedMain] DEBUG o.s.s.a.p.PrePostAnnotationSecurityMetadataSource - @org.springframework.security.access.prepost.PreAuthorize(value=hasRole('MANAGER')) found on specific method: public java.lang.String com.booking_app.controller.UserController.hello()
2025-05-17 14:10:50 [restartedMain] DEBUG o.s.s.a.m.DelegatingMethodSecurityMetadataSource - Caching method [CacheKey[com.booking_app.controller.UserController; public java.lang.String com.booking_app.controller.UserController.hello()]] with attributes [[authorize: 'hasRole('MANAGER')', filter: 'null', filterTarget: 'null']]
2025-05-17 14:10:50 [restartedMain] DEBUG o.s.s.a.i.a.MethodSecurityInterceptor - Validated configuration attributes
2025-05-17 14:10:50 [restartedMain] DEBUG o.s.s.a.p.PrePostAnnotationSecurityMetadataSource - @org.springframework.security.access.prepost.PreAuthorize(value=hasRole('ADMIN')) found on specific method: public org.springframework.http.ResponseEntity com.booking_app.controller.UserController.register(com.booking_app.Dto.UserDto)
2025-05-17 14:10:50 [restartedMain] DEBUG o.s.s.a.m.DelegatingMethodSecurityMetadataSource - Caching method [CacheKey[com.booking_app.controller.UserController; public org.springframework.http.ResponseEntity com.booking_app.controller.UserController.register(com.booking_app.Dto.UserDto)]] with attributes [[authorize: 'hasRole('ADMIN')', filter: 'null', filterTarget: 'null']]
2025-05-17 14:10:50 [restartedMain] DEBUG o.s.s.w.a.e.ExpressionBasedFilterInvocationSecurityMetadataSource - Adding web access control expression 'permitAll', for Ant [pattern='/user/login']
2025-05-17 14:10:50 [restartedMain] DEBUG o.s.s.w.a.e.ExpressionBasedFilterInvocationSecurityMetadataSource - Adding web access control expression 'authenticated', for any request
2025-05-17 14:10:50 [restartedMain] DEBUG o.s.s.w.a.i.FilterSecurityInterceptor - Validated configuration attributes
2025-05-17 14:10:50 [restartedMain] DEBUG o.s.s.w.a.i.FilterSecurityInterceptor - Validated configuration attributes
2025-05-17 14:10:50 [restartedMain] INFO  o.s.s.web.DefaultSecurityFilterChain - Creating filter chain: any request, [org.springframework.security.web.context.request.async.WebAsyncManagerIntegrationFilter@622af4a2, org.springframework.security.web.context.SecurityContextPersistenceFilter@7a56ca28, org.springframework.security.web.header.HeaderWriterFilter@2b7231d3, org.springframework.security.web.authentication.logout.LogoutFilter@11d1c00, com.booking_app.filter.JwtFilter@55790e7b, org.springframework.security.web.savedrequest.RequestCacheAwareFilter@594a7c49, org.springframework.security.web.servletapi.SecurityContextHolderAwareRequestFilter@21e0c011, org.springframework.security.web.authentication.AnonymousAuthenticationFilter@38cbf9ad, org.springframework.security.web.session.SessionManagementFilter@4c935db, org.springframework.security.web.access.ExceptionTranslationFilter@238c57b9, org.springframework.security.web.access.intercept.FilterSecurityInterceptor@41769d26]
2025-05-17 14:10:50 [restartedMain] INFO  o.s.s.c.ThreadPoolTaskExecutor - Initializing ExecutorService 'applicationTaskExecutor'
2025-05-17 14:10:50 [restartedMain] INFO  o.a.coyote.http11.Http11NioProtocol - Starting ProtocolHandler ["http-nio-8080"]
2025-05-17 14:10:50 [restartedMain] INFO  o.s.b.w.e.tomcat.TomcatWebServer - Tomcat started on port(s): 8080 (http) with context path ''
2025-05-17 14:10:50 [restartedMain] INFO  c.b.BookingAppBackendApplication - Started BookingAppBackendApplication in 4.535 seconds (JVM running for 5.13)
2025-05-17 14:12:12 [Thread-6] INFO  o.s.s.c.ThreadPoolTaskExecutor - Shutting down ExecutorService 'applicationTaskExecutor'
2025-05-17 14:12:12 [Thread-6] INFO  o.s.o.j.LocalContainerEntityManagerFactoryBean - Closing JPA EntityManagerFactory for persistence unit 'default'
2025-05-17 14:12:12 [Thread-6] INFO  com.zaxxer.hikari.HikariDataSource - HikariPool-1 - Shutdown initiated...
2025-05-17 14:12:12 [Thread-6] INFO  com.zaxxer.hikari.HikariDataSource - HikariPool-1 - Shutdown completed.
2025-05-17 14:12:12 [restartedMain] INFO  c.b.BookingAppBackendApplication - Starting BookingAppBackendApplication on credentek-desktop with PID 9568 (/home/credentek/Practice_workspace/booking-app-backend/target/classes started by credentek in /home/credentek/Practice_workspace/booking-app-backend)
2025-05-17 14:12:12 [restartedMain] INFO  c.b.BookingAppBackendApplication - No active profile set, falling back to default profiles: default
2025-05-17 14:12:12 [restartedMain] INFO  o.s.d.r.c.RepositoryConfigurationDelegate - Bootstrapping Spring Data JPA repositories in DEFAULT mode.
2025-05-17 14:12:12 [restartedMain] INFO  o.s.d.r.c.RepositoryConfigurationDelegate - Finished Spring Data repository scanning in 7ms. Found 1 JPA repository interfaces.
2025-05-17 14:12:12 [restartedMain] INFO  o.s.c.s.PostProcessorRegistrationDelegate$BeanPostProcessorChecker - Bean 'org.springframework.security.access.expression.method.DefaultMethodSecurityExpressionHandler@4ac9189e' of type [org.springframework.security.access.expression.method.DefaultMethodSecurityExpressionHandler] is not eligible for getting processed by all BeanPostProcessors (for example: not eligible for auto-proxying)
2025-05-17 14:12:12 [restartedMain] INFO  o.s.c.s.PostProcessorRegistrationDelegate$BeanPostProcessorChecker - Bean 'methodSecurityMetadataSource' of type [org.springframework.security.access.method.DelegatingMethodSecurityMetadataSource] is not eligible for getting processed by all BeanPostProcessors (for example: not eligible for auto-proxying)
2025-05-17 14:12:12 [restartedMain] INFO  o.s.b.w.e.tomcat.TomcatWebServer - Tomcat initialized with port(s): 8080 (http)
2025-05-17 14:12:12 [restartedMain] INFO  o.a.coyote.http11.Http11NioProtocol - Initializing ProtocolHandler ["http-nio-8080"]
2025-05-17 14:12:12 [restartedMain] INFO  o.a.catalina.core.StandardService - Starting service [Tomcat]
2025-05-17 14:12:12 [restartedMain] INFO  o.a.catalina.core.StandardEngine - Starting Servlet engine: [Apache Tomcat/9.0.38]
2025-05-17 14:12:12 [restartedMain] INFO  o.a.c.c.C.[Tomcat].[localhost].[/] - Initializing Spring embedded WebApplicationContext
2025-05-17 14:12:12 [restartedMain] INFO  o.s.b.w.s.c.ServletWebServerApplicationContext - Root WebApplicationContext: initialization completed in 259 ms
2025-05-17 14:12:12 [restartedMain] INFO  o.h.jpa.internal.util.LogHelper - HHH000204: Processing PersistenceUnitInfo [name: default]
2025-05-17 14:12:12 [restartedMain] INFO  com.zaxxer.hikari.HikariDataSource - HikariPool-2 - Starting...
2025-05-17 14:12:12 [restartedMain] INFO  com.zaxxer.hikari.HikariDataSource - HikariPool-2 - Start completed.
2025-05-17 14:12:12 [restartedMain] INFO  org.hibernate.dialect.Dialect - HHH000400: Using dialect: org.hibernate.dialect.MySQL5InnoDBDialect
2025-05-17 14:12:12 [restartedMain] INFO  o.h.e.t.j.p.i.JtaPlatformInitiator - HHH000490: Using JtaPlatform implementation: [org.hibernate.engine.transaction.jta.platform.internal.NoJtaPlatform]
2025-05-17 14:12:12 [restartedMain] INFO  o.s.o.j.LocalContainerEntityManagerFactoryBean - Initialized JPA EntityManagerFactory for persistence unit 'default'
2025-05-17 14:12:12 [restartedMain] WARN  o.s.b.a.o.j.JpaBaseConfiguration$JpaWebConfiguration - spring.jpa.open-in-view is enabled by default. Therefore, database queries may be performed during view rendering. Explicitly configure spring.jpa.open-in-view to disable this warning
2025-05-17 14:12:12 [restartedMain] INFO  o.s.b.d.a.OptionalLiveReloadServer - LiveReload server is running on port 35729
2025-05-17 14:12:13 [restartedMain] DEBUG o.s.s.c.a.a.c.AuthenticationConfiguration$EnableGlobalAuthenticationAutowiredConfigurer - Eagerly initializing {securityConfig=com.booking_app.config.SecurityConfig$$EnhancerBySpringCGLIB$$cd96c61@7039f382}
2025-05-17 14:12:13 [restartedMain] DEBUG o.s.s.a.p.PrePostAnnotationSecurityMetadataSource - @org.springframework.security.access.prepost.PreAuthorize(value=hasRole('MANAGER')) found on specific method: public java.lang.String com.booking_app.controller.UserController.hello()
2025-05-17 14:12:13 [restartedMain] DEBUG o.s.s.a.m.DelegatingMethodSecurityMetadataSource - Caching method [CacheKey[com.booking_app.controller.UserController; public java.lang.String com.booking_app.controller.UserController.hello()]] with attributes [[authorize: 'hasRole('MANAGER')', filter: 'null', filterTarget: 'null']]
2025-05-17 14:12:13 [restartedMain] DEBUG o.s.s.a.i.a.MethodSecurityInterceptor - Validated configuration attributes
2025-05-17 14:12:13 [restartedMain] DEBUG o.s.s.a.p.PrePostAnnotationSecurityMetadataSource - @org.springframework.security.access.prepost.PreAuthorize(value=hasRole('ADMIN')) found on specific method: public org.springframework.http.ResponseEntity com.booking_app.controller.UserController.register(com.booking_app.Dto.UserDto)
2025-05-17 14:12:13 [restartedMain] DEBUG o.s.s.a.m.DelegatingMethodSecurityMetadataSource - Caching method [CacheKey[com.booking_app.controller.UserController; public org.springframework.http.ResponseEntity com.booking_app.controller.UserController.register(com.booking_app.Dto.UserDto)]] with attributes [[authorize: 'hasRole('ADMIN')', filter: 'null', filterTarget: 'null']]
2025-05-17 14:12:13 [restartedMain] DEBUG o.s.s.w.a.e.ExpressionBasedFilterInvocationSecurityMetadataSource - Adding web access control expression 'permitAll', for Ant [pattern='/user/login']
2025-05-17 14:12:13 [restartedMain] DEBUG o.s.s.w.a.e.ExpressionBasedFilterInvocationSecurityMetadataSource - Adding web access control expression 'authenticated', for any request
2025-05-17 14:12:13 [restartedMain] DEBUG o.s.s.w.a.i.FilterSecurityInterceptor - Validated configuration attributes
2025-05-17 14:12:13 [restartedMain] DEBUG o.s.s.w.a.i.FilterSecurityInterceptor - Validated configuration attributes
2025-05-17 14:12:13 [restartedMain] INFO  o.s.s.web.DefaultSecurityFilterChain - Creating filter chain: any request, [org.springframework.security.web.context.request.async.WebAsyncManagerIntegrationFilter@1ccbf76d, org.springframework.security.web.context.SecurityContextPersistenceFilter@35bfb9b4, org.springframework.security.web.header.HeaderWriterFilter@4ae2f63f, org.springframework.security.web.authentication.logout.LogoutFilter@3a02b067, com.booking_app.filter.JwtFilter@b402f33, org.springframework.security.web.savedrequest.RequestCacheAwareFilter@13503d81, org.springframework.security.web.servletapi.SecurityContextHolderAwareRequestFilter@4e5e62da, org.springframework.security.web.authentication.AnonymousAuthenticationFilter@728f9cd3, org.springframework.security.web.session.SessionManagementFilter@75792478, org.springframework.security.web.access.ExceptionTranslationFilter@3ed31359, org.springframework.security.web.access.intercept.FilterSecurityInterceptor@4746885a]
2025-05-17 14:12:13 [restartedMain] INFO  o.s.s.c.ThreadPoolTaskExecutor - Initializing ExecutorService 'applicationTaskExecutor'
2025-05-17 14:12:13 [restartedMain] INFO  o.a.coyote.http11.Http11NioProtocol - Starting ProtocolHandler ["http-nio-8080"]
2025-05-17 14:12:13 [restartedMain] INFO  o.s.b.w.e.tomcat.TomcatWebServer - Tomcat started on port(s): 8080 (http) with context path ''
2025-05-17 14:12:13 [restartedMain] INFO  c.b.BookingAppBackendApplication - Started BookingAppBackendApplication in 0.75 seconds (JVM running for 87.636)
2025-05-17 14:12:13 [restartedMain] INFO  o.s.b.d.a.ConditionEvaluationDeltaLoggingListener - Condition evaluation unchanged
2025-05-17 14:12:42 [Thread-10] INFO  o.s.s.c.ThreadPoolTaskExecutor - Shutting down ExecutorService 'applicationTaskExecutor'
2025-05-17 14:12:42 [Thread-10] INFO  o.s.o.j.LocalContainerEntityManagerFactoryBean - Closing JPA EntityManagerFactory for persistence unit 'default'
2025-05-17 14:12:42 [Thread-10] INFO  com.zaxxer.hikari.HikariDataSource - HikariPool-2 - Shutdown initiated...
2025-05-17 14:12:42 [Thread-10] INFO  com.zaxxer.hikari.HikariDataSource - HikariPool-2 - Shutdown completed.
2025-05-17 14:15:30 [restartedMain] INFO  c.b.BookingAppBackendApplication - Starting BookingAppBackendApplication on credentek-desktop with PID 9568 (/home/credentek/Practice_workspace/booking-app-backend/target/classes started by credentek in /home/credentek/Practice_workspace/booking-app-backend)
2025-05-17 14:15:30 [restartedMain] INFO  c.b.BookingAppBackendApplication - No active profile set, falling back to default profiles: default
2025-05-17 14:15:30 [restartedMain] INFO  o.s.d.r.c.RepositoryConfigurationDelegate - Bootstrapping Spring Data JPA repositories in DEFAULT mode.
2025-05-17 14:15:30 [restartedMain] INFO  o.s.d.r.c.RepositoryConfigurationDelegate - Finished Spring Data repository scanning in 7ms. Found 1 JPA repository interfaces.
2025-05-17 14:15:30 [restartedMain] INFO  o.s.c.s.PostProcessorRegistrationDelegate$BeanPostProcessorChecker - Bean 'org.springframework.security.access.expression.method.DefaultMethodSecurityExpressionHandler@3496646d' of type [org.springframework.security.access.expression.method.DefaultMethodSecurityExpressionHandler] is not eligible for getting processed by all BeanPostProcessors (for example: not eligible for auto-proxying)
2025-05-17 14:15:30 [restartedMain] INFO  o.s.c.s.PostProcessorRegistrationDelegate$BeanPostProcessorChecker - Bean 'methodSecurityMetadataSource' of type [org.springframework.security.access.method.DelegatingMethodSecurityMetadataSource] is not eligible for getting processed by all BeanPostProcessors (for example: not eligible for auto-proxying)
2025-05-17 14:15:30 [restartedMain] INFO  o.s.b.w.e.tomcat.TomcatWebServer - Tomcat initialized with port(s): 8080 (http)
2025-05-17 14:15:30 [restartedMain] INFO  o.a.catalina.core.StandardService - Starting service [Tomcat]
2025-05-17 14:15:30 [restartedMain] INFO  o.a.catalina.core.StandardEngine - Starting Servlet engine: [Apache Tomcat/9.0.38]
2025-05-17 14:15:30 [restartedMain] INFO  o.a.c.c.C.[Tomcat].[localhost].[/] - Initializing Spring embedded WebApplicationContext
2025-05-17 14:15:30 [restartedMain] INFO  o.s.b.w.s.c.ServletWebServerApplicationContext - Root WebApplicationContext: initialization completed in 258 ms
2025-05-17 14:15:30 [restartedMain] INFO  o.h.jpa.internal.util.LogHelper - HHH000204: Processing PersistenceUnitInfo [name: default]
2025-05-17 14:15:30 [restartedMain] INFO  com.zaxxer.hikari.HikariDataSource - HikariPool-6 - Starting...
2025-05-17 14:15:30 [restartedMain] INFO  com.zaxxer.hikari.HikariDataSource - HikariPool-6 - Start completed.
2025-05-17 14:15:30 [restartedMain] INFO  org.hibernate.dialect.Dialect - HHH000400: Using dialect: org.hibernate.dialect.MySQL5InnoDBDialect
2025-05-17 14:15:30 [restartedMain] INFO  o.h.e.t.j.p.i.JtaPlatformInitiator - HHH000490: Using JtaPlatform implementation: [org.hibernate.engine.transaction.jta.platform.internal.NoJtaPlatform]
2025-05-17 14:15:30 [restartedMain] INFO  o.s.o.j.LocalContainerEntityManagerFactoryBean - Initialized JPA EntityManagerFactory for persistence unit 'default'
2025-05-17 14:15:30 [restartedMain] WARN  o.s.b.a.o.j.JpaBaseConfiguration$JpaWebConfiguration - spring.jpa.open-in-view is enabled by default. Therefore, database queries may be performed during view rendering. Explicitly configure spring.jpa.open-in-view to disable this warning
2025-05-17 14:15:30 [restartedMain] INFO  o.s.b.d.a.OptionalLiveReloadServer - LiveReload server is running on port 35729
2025-05-17 14:15:30 [restartedMain] DEBUG o.s.s.c.a.a.c.AuthenticationConfiguration$EnableGlobalAuthenticationAutowiredConfigurer - Eagerly initializing {securityConfig=com.booking_app.config.SecurityConfig$$EnhancerBySpringCGLIB$$cd96c61@397944c}
2025-05-17 14:15:30 [restartedMain] DEBUG o.s.s.a.p.PrePostAnnotationSecurityMetadataSource - @org.springframework.security.access.prepost.PreAuthorize(value=hasRole('MANAGER')) found on specific method: public java.lang.String com.booking_app.controller.UserController.hello()
2025-05-17 14:15:30 [restartedMain] DEBUG o.s.s.a.m.DelegatingMethodSecurityMetadataSource - Caching method [CacheKey[com.booking_app.controller.UserController; public java.lang.String com.booking_app.controller.UserController.hello()]] with attributes [[authorize: 'hasRole('MANAGER')', filter: 'null', filterTarget: 'null']]
2025-05-17 14:15:30 [restartedMain] DEBUG o.s.s.a.i.a.MethodSecurityInterceptor - Validated configuration attributes
2025-05-17 14:15:30 [restartedMain] DEBUG o.s.s.a.p.PrePostAnnotationSecurityMetadataSource - @org.springframework.security.access.prepost.PreAuthorize(value=hasRole('ADMIN')) found on specific method: public org.springframework.http.ResponseEntity com.booking_app.controller.UserController.register(com.booking_app.Dto.UserDto)
2025-05-17 14:15:30 [restartedMain] DEBUG o.s.s.a.m.DelegatingMethodSecurityMetadataSource - Caching method [CacheKey[com.booking_app.controller.UserController; public org.springframework.http.ResponseEntity com.booking_app.controller.UserController.register(com.booking_app.Dto.UserDto)]] with attributes [[authorize: 'hasRole('ADMIN')', filter: 'null', filterTarget: 'null']]
2025-05-17 14:15:30 [restartedMain] DEBUG o.s.s.w.a.e.ExpressionBasedFilterInvocationSecurityMetadataSource - Adding web access control expression 'permitAll', for Ant [pattern='/user/login']
2025-05-17 14:15:30 [restartedMain] DEBUG o.s.s.w.a.e.ExpressionBasedFilterInvocationSecurityMetadataSource - Adding web access control expression 'authenticated', for any request
2025-05-17 14:15:30 [restartedMain] DEBUG o.s.s.w.a.i.FilterSecurityInterceptor - Validated configuration attributes
2025-05-17 14:15:30 [restartedMain] DEBUG o.s.s.w.a.i.FilterSecurityInterceptor - Validated configuration attributes
2025-05-17 14:15:30 [restartedMain] INFO  o.s.s.web.DefaultSecurityFilterChain - Creating filter chain: any request, [org.springframework.security.web.context.request.async.WebAsyncManagerIntegrationFilter@7289d79f, org.springframework.security.web.context.SecurityContextPersistenceFilter@68e3d0aa, org.springframework.security.web.header.HeaderWriterFilter@4a830e50, org.springframework.security.web.authentication.logout.LogoutFilter@337929ca, com.booking_app.filter.JwtFilter@478a0467, org.springframework.security.web.savedrequest.RequestCacheAwareFilter@5f6281be, org.springframework.security.web.servletapi.SecurityContextHolderAwareRequestFilter@d41f58c, org.springframework.security.web.authentication.AnonymousAuthenticationFilter@5669c857, org.springframework.security.web.session.SessionManagementFilter@247d93aa, org.springframework.security.web.access.ExceptionTranslationFilter@3861fae2, org.springframework.security.web.access.intercept.FilterSecurityInterceptor@1ae0433d]
2025-05-17 14:15:30 [restartedMain] INFO  o.s.s.c.ThreadPoolTaskExecutor - Initializing ExecutorService 'applicationTaskExecutor'
2025-05-17 14:15:30 [restartedMain] INFO  o.s.b.w.e.tomcat.TomcatWebServer - Tomcat started on port(s): 8080 (http) with context path ''
2025-05-17 14:15:30 [restartedMain] INFO  c.b.BookingAppBackendApplication - Started BookingAppBackendApplication in 0.798 seconds (JVM running for 285.24)
2025-05-17 14:15:30 [restartedMain] INFO  o.s.b.d.a.ConditionEvaluationDeltaLoggingListener - Condition evaluation unchanged
2025-05-17 14:17:58 [http-nio-8080-exec-1] INFO  o.a.c.c.C.[Tomcat].[localhost].[/] - Initializing Spring DispatcherServlet 'dispatcherServlet'
2025-05-17 14:17:58 [http-nio-8080-exec-1] INFO  o.s.web.servlet.DispatcherServlet - Initializing Servlet 'dispatcherServlet'
2025-05-17 14:17:58 [http-nio-8080-exec-1] INFO  o.s.web.servlet.DispatcherServlet - Completed initialization in 5 ms
2025-05-17 14:17:58 [http-nio-8080-exec-1] DEBUG o.s.security.web.FilterChainProxy - /user/login at position 1 of 11 in additional filter chain; firing Filter: 'WebAsyncManagerIntegrationFilter'
2025-05-17 14:17:58 [http-nio-8080-exec-1] DEBUG o.s.security.web.FilterChainProxy - /user/login at position 2 of 11 in additional filter chain; firing Filter: 'SecurityContextPersistenceFilter'
2025-05-17 14:17:58 [http-nio-8080-exec-1] DEBUG o.s.security.web.FilterChainProxy - /user/login at position 3 of 11 in additional filter chain; firing Filter: 'HeaderWriterFilter'
2025-05-17 14:17:58 [http-nio-8080-exec-1] DEBUG o.s.security.web.FilterChainProxy - /user/login at position 4 of 11 in additional filter chain; firing Filter: 'LogoutFilter'
2025-05-17 14:17:58 [http-nio-8080-exec-1] DEBUG o.s.s.w.u.matcher.OrRequestMatcher - Trying to match using Ant [pattern='/logout', GET]
2025-05-17 14:17:58 [http-nio-8080-exec-1] DEBUG o.s.s.w.u.m.AntPathRequestMatcher - Request 'POST /user/login' doesn't match 'GET /logout'
2025-05-17 14:17:58 [http-nio-8080-exec-1] DEBUG o.s.s.w.u.matcher.OrRequestMatcher - Trying to match using Ant [pattern='/logout', POST]
2025-05-17 14:17:58 [http-nio-8080-exec-1] DEBUG o.s.s.w.u.m.AntPathRequestMatcher - Checking match of request : '/user/login'; against '/logout'
2025-05-17 14:17:58 [http-nio-8080-exec-1] DEBUG o.s.s.w.u.matcher.OrRequestMatcher - Trying to match using Ant [pattern='/logout', PUT]
2025-05-17 14:17:58 [http-nio-8080-exec-1] DEBUG o.s.s.w.u.m.AntPathRequestMatcher - Request 'POST /user/login' doesn't match 'PUT /logout'
2025-05-17 14:17:58 [http-nio-8080-exec-1] DEBUG o.s.s.w.u.matcher.OrRequestMatcher - Trying to match using Ant [pattern='/logout', DELETE]
2025-05-17 14:17:58 [http-nio-8080-exec-1] DEBUG o.s.s.w.u.m.AntPathRequestMatcher - Request 'POST /user/login' doesn't match 'DELETE /logout'
2025-05-17 14:17:58 [http-nio-8080-exec-1] DEBUG o.s.s.w.u.matcher.OrRequestMatcher - No matches found
2025-05-17 14:17:58 [http-nio-8080-exec-1] DEBUG o.s.security.web.FilterChainProxy - /user/login at position 5 of 11 in additional filter chain; firing Filter: 'JwtFilter'
2025-05-17 14:17:58 [http-nio-8080-exec-1] DEBUG o.s.security.web.FilterChainProxy - /user/login at position 6 of 11 in additional filter chain; firing Filter: 'RequestCacheAwareFilter'
2025-05-17 14:17:58 [http-nio-8080-exec-1] DEBUG o.s.security.web.FilterChainProxy - /user/login at position 7 of 11 in additional filter chain; firing Filter: 'SecurityContextHolderAwareRequestFilter'
2025-05-17 14:17:58 [http-nio-8080-exec-1] DEBUG o.s.security.web.FilterChainProxy - /user/login at position 8 of 11 in additional filter chain; firing Filter: 'AnonymousAuthenticationFilter'
2025-05-17 14:17:58 [http-nio-8080-exec-1] DEBUG o.s.s.w.a.AnonymousAuthenticationFilter - Populated SecurityContextHolder with anonymous token: 'org.springframework.security.authentication.AnonymousAuthenticationToken@9624b41: Principal: anonymousUser; Credentials: [PROTECTED]; Authenticated: true; Details: org.springframework.security.web.authentication.WebAuthenticationDetails@ffffc434: RemoteIpAddress: 192.168.0.109; SessionId: null; Granted Authorities: ROLE_ANONYMOUS'
2025-05-17 14:17:58 [http-nio-8080-exec-1] DEBUG o.s.security.web.FilterChainProxy - /user/login at position 9 of 11 in additional filter chain; firing Filter: 'SessionManagementFilter'
2025-05-17 14:17:58 [http-nio-8080-exec-1] DEBUG o.s.security.web.FilterChainProxy - /user/login at position 10 of 11 in additional filter chain; firing Filter: 'ExceptionTranslationFilter'
2025-05-17 14:17:58 [http-nio-8080-exec-1] DEBUG o.s.security.web.FilterChainProxy - /user/login at position 11 of 11 in additional filter chain; firing Filter: 'FilterSecurityInterceptor'
2025-05-17 14:17:58 [http-nio-8080-exec-1] DEBUG o.s.s.w.u.m.AntPathRequestMatcher - Checking match of request : '/user/login'; against '/user/login'
2025-05-17 14:17:58 [http-nio-8080-exec-1] DEBUG o.s.s.w.a.i.FilterSecurityInterceptor - Secure object: FilterInvocation: URL: /user/login; Attributes: [permitAll]
2025-05-17 14:17:58 [http-nio-8080-exec-1] DEBUG o.s.s.w.a.i.FilterSecurityInterceptor - Previously Authenticated: org.springframework.security.authentication.AnonymousAuthenticationToken@9624b41: Principal: anonymousUser; Credentials: [PROTECTED]; Authenticated: true; Details: org.springframework.security.web.authentication.WebAuthenticationDetails@ffffc434: RemoteIpAddress: 192.168.0.109; SessionId: null; Granted Authorities: ROLE_ANONYMOUS
2025-05-17 14:17:58 [http-nio-8080-exec-1] DEBUG o.s.s.access.vote.AffirmativeBased - Voter: org.springframework.security.web.access.expression.WebExpressionVoter@5b9fd384, returned: 1
2025-05-17 14:17:58 [http-nio-8080-exec-1] DEBUG o.s.s.w.a.i.FilterSecurityInterceptor - Authorization successful
2025-05-17 14:17:58 [http-nio-8080-exec-1] DEBUG o.s.s.w.a.i.FilterSecurityInterceptor - RunAsManager did not change Authentication object
2025-05-17 14:17:58 [http-nio-8080-exec-1] DEBUG o.s.security.web.FilterChainProxy - /user/login reached end of additional filter chain; proceeding with original chain
2025-05-17 14:17:58 [http-nio-8080-exec-1] DEBUG o.s.s.authentication.ProviderManager - Authentication attempt using org.springframework.security.authentication.dao.DaoAuthenticationProvider
2025-05-17 14:17:59 [http-nio-8080-exec-1] INFO  c.b.controller.UserController - User logged in successfully with username: agam
2025-05-17 14:17:59 [http-nio-8080-exec-1] DEBUG o.s.s.w.h.writers.HstsHeaderWriter - Not injecting HSTS header since it did not match the requestMatcher org.springframework.security.web.header.writers.HstsHeaderWriter$SecureRequestMatcher@f734d90
2025-05-17 14:17:59 [http-nio-8080-exec-1] DEBUG o.s.s.w.a.ExceptionTranslationFilter - Chain processed normally
2025-05-17 14:17:59 [http-nio-8080-exec-1] DEBUG o.s.s.w.c.SecurityContextPersistenceFilter - SecurityContextHolder now cleared, as request processing completed
2025-05-17 14:19:07 [Thread-30] INFO  o.s.s.c.ThreadPoolTaskExecutor - Shutting down ExecutorService 'applicationTaskExecutor'
2025-05-17 14:19:07 [Thread-30] INFO  o.s.o.j.LocalContainerEntityManagerFactoryBean - Closing JPA EntityManagerFactory for persistence unit 'default'
2025-05-17 14:19:07 [Thread-30] INFO  com.zaxxer.hikari.HikariDataSource - HikariPool-6 - Shutdown initiated...
2025-05-17 14:19:07 [Thread-30] INFO  com.zaxxer.hikari.HikariDataSource - HikariPool-6 - Shutdown completed.
2025-05-17 14:19:07 [restartedMain] INFO  c.b.BookingAppBackendApplication - Starting BookingAppBackendApplication on credentek-desktop with PID 9568 (/home/credentek/Practice_workspace/booking-app-backend/target/classes started by credentek in /home/credentek/Practice_workspace/booking-app-backend)
2025-05-17 14:19:07 [restartedMain] INFO  c.b.BookingAppBackendApplication - No active profile set, falling back to default profiles: default
2025-05-17 14:19:07 [restartedMain] INFO  o.s.d.r.c.RepositoryConfigurationDelegate - Bootstrapping Spring Data JPA repositories in DEFAULT mode.
2025-05-17 14:19:07 [restartedMain] INFO  o.s.d.r.c.RepositoryConfigurationDelegate - Finished Spring Data repository scanning in 8ms. Found 1 JPA repository interfaces.
2025-05-17 14:19:08 [restartedMain] INFO  o.s.c.s.PostProcessorRegistrationDelegate$BeanPostProcessorChecker - Bean 'org.springframework.security.access.expression.method.DefaultMethodSecurityExpressionHandler@7fbf56f9' of type [org.springframework.security.access.expression.method.DefaultMethodSecurityExpressionHandler] is not eligible for getting processed by all BeanPostProcessors (for example: not eligible for auto-proxying)
2025-05-17 14:19:08 [restartedMain] INFO  o.s.c.s.PostProcessorRegistrationDelegate$BeanPostProcessorChecker - Bean 'methodSecurityMetadataSource' of type [org.springframework.security.access.method.DelegatingMethodSecurityMetadataSource] is not eligible for getting processed by all BeanPostProcessors (for example: not eligible for auto-proxying)
2025-05-17 14:19:08 [restartedMain] INFO  o.s.b.w.e.tomcat.TomcatWebServer - Tomcat initialized with port(s): 8080 (http)
2025-05-17 14:19:08 [restartedMain] INFO  o.a.catalina.core.StandardService - Starting service [Tomcat]
2025-05-17 14:19:08 [restartedMain] INFO  o.a.catalina.core.StandardEngine - Starting Servlet engine: [Apache Tomcat/9.0.38]
2025-05-17 14:19:08 [restartedMain] INFO  o.a.c.c.C.[Tomcat].[localhost].[/] - Initializing Spring embedded WebApplicationContext
2025-05-17 14:19:08 [restartedMain] INFO  o.s.b.w.s.c.ServletWebServerApplicationContext - Root WebApplicationContext: initialization completed in 230 ms
2025-05-17 14:19:08 [restartedMain] INFO  o.h.jpa.internal.util.LogHelper - HHH000204: Processing PersistenceUnitInfo [name: default]
2025-05-17 14:19:08 [restartedMain] INFO  com.zaxxer.hikari.HikariDataSource - HikariPool-7 - Starting...
2025-05-17 14:19:08 [restartedMain] INFO  com.zaxxer.hikari.HikariDataSource - HikariPool-7 - Start completed.
2025-05-17 14:19:08 [restartedMain] INFO  org.hibernate.dialect.Dialect - HHH000400: Using dialect: org.hibernate.dialect.MySQL5InnoDBDialect
2025-05-17 14:19:08 [restartedMain] INFO  o.h.e.t.j.p.i.JtaPlatformInitiator - HHH000490: Using JtaPlatform implementation: [org.hibernate.engine.transaction.jta.platform.internal.NoJtaPlatform]
2025-05-17 14:19:08 [restartedMain] INFO  o.s.o.j.LocalContainerEntityManagerFactoryBean - Initialized JPA EntityManagerFactory for persistence unit 'default'
2025-05-17 14:19:08 [restartedMain] WARN  o.s.b.a.o.j.JpaBaseConfiguration$JpaWebConfiguration - spring.jpa.open-in-view is enabled by default. Therefore, database queries may be performed during view rendering. Explicitly configure spring.jpa.open-in-view to disable this warning
2025-05-17 14:19:08 [restartedMain] INFO  o.s.b.d.a.OptionalLiveReloadServer - LiveReload server is running on port 35729
2025-05-17 14:19:08 [restartedMain] INFO  o.s.s.web.DefaultSecurityFilterChain - Creating filter chain: any request, [org.springframework.security.web.context.request.async.WebAsyncManagerIntegrationFilter@42a23be0, org.springframework.security.web.context.SecurityContextPersistenceFilter@e371f24, org.springframework.security.web.header.HeaderWriterFilter@28494dc8, org.springframework.security.web.authentication.logout.LogoutFilter@2921f536, com.booking_app.filter.JwtFilter@2d9d47e3, org.springframework.security.web.savedrequest.RequestCacheAwareFilter@507b4764, org.springframework.security.web.servletapi.SecurityContextHolderAwareRequestFilter@32be77ae, org.springframework.security.web.authentication.AnonymousAuthenticationFilter@3b9962c6, org.springframework.security.web.session.SessionManagementFilter@58eea483, org.springframework.security.web.access.ExceptionTranslationFilter@1b88a34d, org.springframework.security.web.access.intercept.FilterSecurityInterceptor@6e994e99]
2025-05-17 14:19:08 [restartedMain] INFO  o.s.s.c.ThreadPoolTaskExecutor - Initializing ExecutorService 'applicationTaskExecutor'
2025-05-17 14:19:08 [restartedMain] INFO  o.s.b.w.e.tomcat.TomcatWebServer - Tomcat started on port(s): 8080 (http) with context path ''
2025-05-17 14:19:08 [restartedMain] INFO  c.b.BookingAppBackendApplication - Started BookingAppBackendApplication in 0.687 seconds (JVM running for 502.976)
2025-05-17 14:19:08 [restartedMain] INFO  o.s.b.d.a.ConditionEvaluationDeltaLoggingListener - Condition evaluation unchanged
2025-05-17 14:55:06 [RMI TCP Connection(49)-127.0.0.1] INFO  o.s.b.a.SpringApplicationAdminMXBeanRegistrar$SpringApplicationAdmin - Application shutdown requested.
2025-05-17 14:55:06 [RMI TCP Connection(49)-127.0.0.1] INFO  o.s.s.c.ThreadPoolTaskExecutor - Shutting down ExecutorService 'applicationTaskExecutor'
2025-05-17 14:55:06 [RMI TCP Connection(49)-127.0.0.1] INFO  o.s.o.j.LocalContainerEntityManagerFactoryBean - Closing JPA EntityManagerFactory for persistence unit 'default'
2025-05-17 14:55:06 [RMI TCP Connection(49)-127.0.0.1] INFO  com.zaxxer.hikari.HikariDataSource - HikariPool-7 - Shutdown initiated...
2025-05-17 14:55:06 [RMI TCP Connection(49)-127.0.0.1] INFO  com.zaxxer.hikari.HikariDataSource - HikariPool-7 - Shutdown completed.
2025-05-17 14:55:13 [background-preinit] INFO  o.h.validator.internal.util.Version - HV000001: Hibernate Validator 6.0.20.Final
2025-05-17 14:55:13 [restartedMain] INFO  c.b.BookingAppBackendApplication - Starting BookingAppBackendApplication on credentek-desktop with PID 11122 (/home/credentek/Practice_workspace/booking-app-backend/target/classes started by credentek in /home/credentek/Practice_workspace/booking-app-backend)
2025-05-17 14:55:13 [restartedMain] INFO  c.b.BookingAppBackendApplication - No active profile set, falling back to default profiles: default
2025-05-17 14:55:13 [restartedMain] INFO  o.s.b.d.e.DevToolsPropertyDefaultsPostProcessor - Devtools property defaults active! Set 'spring.devtools.add-properties' to 'false' to disable
2025-05-17 14:55:13 [restartedMain] INFO  o.s.b.d.e.DevToolsPropertyDefaultsPostProcessor - For additional web related logging consider setting the 'logging.level.web' property to 'DEBUG'
2025-05-17 14:55:13 [restartedMain] INFO  o.s.d.r.c.RepositoryConfigurationDelegate - Bootstrapping Spring Data JPA repositories in DEFAULT mode.
2025-05-17 14:55:14 [restartedMain] INFO  o.s.d.r.c.RepositoryConfigurationDelegate - Finished Spring Data repository scanning in 46ms. Found 1 JPA repository interfaces.
2025-05-17 14:55:14 [restartedMain] INFO  o.s.c.s.PostProcessorRegistrationDelegate$BeanPostProcessorChecker - Bean 'org.springframework.security.access.expression.method.DefaultMethodSecurityExpressionHandler@1d11af43' of type [org.springframework.security.access.expression.method.DefaultMethodSecurityExpressionHandler] is not eligible for getting processed by all BeanPostProcessors (for example: not eligible for auto-proxying)
2025-05-17 14:55:14 [restartedMain] INFO  o.s.c.s.PostProcessorRegistrationDelegate$BeanPostProcessorChecker - Bean 'methodSecurityMetadataSource' of type [org.springframework.security.access.method.DelegatingMethodSecurityMetadataSource] is not eligible for getting processed by all BeanPostProcessors (for example: not eligible for auto-proxying)
2025-05-17 14:55:14 [restartedMain] INFO  o.s.b.w.e.tomcat.TomcatWebServer - Tomcat initialized with port(s): 8080 (http)
2025-05-17 14:55:14 [restartedMain] INFO  o.a.coyote.http11.Http11NioProtocol - Initializing ProtocolHandler ["http-nio-8080"]
2025-05-17 14:55:14 [restartedMain] INFO  o.a.catalina.core.StandardService - Starting service [Tomcat]
2025-05-17 14:55:14 [restartedMain] INFO  o.a.catalina.core.StandardEngine - Starting Servlet engine: [Apache Tomcat/9.0.38]
2025-05-17 14:55:14 [restartedMain] INFO  o.a.c.c.C.[Tomcat].[localhost].[/] - Initializing Spring embedded WebApplicationContext
2025-05-17 14:55:14 [restartedMain] INFO  o.s.b.w.s.c.ServletWebServerApplicationContext - Root WebApplicationContext: initialization completed in 1164 ms
2025-05-17 14:55:14 [restartedMain] INFO  o.h.jpa.internal.util.LogHelper - HHH000204: Processing PersistenceUnitInfo [name: default]
2025-05-17 14:55:14 [restartedMain] INFO  org.hibernate.Version - HHH000412: Hibernate ORM core version 5.4.21.Final
2025-05-17 14:55:14 [restartedMain] INFO  o.h.annotations.common.Version - HCANN000001: Hibernate Commons Annotations {5.1.0.Final}
2025-05-17 14:55:15 [restartedMain] INFO  com.zaxxer.hikari.HikariDataSource - HikariPool-1 - Starting...
2025-05-17 14:55:15 [restartedMain] INFO  com.zaxxer.hikari.HikariDataSource - HikariPool-1 - Start completed.
2025-05-17 14:55:15 [restartedMain] INFO  org.hibernate.dialect.Dialect - HHH000400: Using dialect: org.hibernate.dialect.MySQL5InnoDBDialect
2025-05-17 14:55:16 [restartedMain] INFO  o.h.e.t.j.p.i.JtaPlatformInitiator - HHH000490: Using JtaPlatform implementation: [org.hibernate.engine.transaction.jta.platform.internal.NoJtaPlatform]
2025-05-17 14:55:16 [restartedMain] INFO  o.s.o.j.LocalContainerEntityManagerFactoryBean - Initialized JPA EntityManagerFactory for persistence unit 'default'
2025-05-17 14:55:16 [restartedMain] WARN  o.s.b.a.o.j.JpaBaseConfiguration$JpaWebConfiguration - spring.jpa.open-in-view is enabled by default. Therefore, database queries may be performed during view rendering. Explicitly configure spring.jpa.open-in-view to disable this warning
2025-05-17 14:55:16 [restartedMain] INFO  o.s.b.d.a.OptionalLiveReloadServer - LiveReload server is running on port 35729
2025-05-17 14:55:16 [restartedMain] INFO  o.s.s.web.DefaultSecurityFilterChain - Creating filter chain: any request, [org.springframework.security.web.context.request.async.WebAsyncManagerIntegrationFilter@7b4af4fa, org.springframework.security.web.context.SecurityContextPersistenceFilter@2c4db992, org.springframework.security.web.header.HeaderWriterFilter@3491797d, org.springframework.security.web.authentication.logout.LogoutFilter@7d683ecb, com.booking_app.filter.JwtFilter@5e184966, org.springframework.security.web.savedrequest.RequestCacheAwareFilter@a861d89, org.springframework.security.web.servletapi.SecurityContextHolderAwareRequestFilter@f8c6b7b, org.springframework.security.web.authentication.AnonymousAuthenticationFilter@3bf7eedb, org.springframework.security.web.session.SessionManagementFilter@10b62cde, org.springframework.security.web.access.ExceptionTranslationFilter@48dedcce, org.springframework.security.web.access.intercept.FilterSecurityInterceptor@72f9819f]
2025-05-17 14:55:16 [restartedMain] INFO  o.s.s.c.ThreadPoolTaskExecutor - Initializing ExecutorService 'applicationTaskExecutor'
2025-05-17 14:55:17 [restartedMain] INFO  o.a.coyote.http11.Http11NioProtocol - Starting ProtocolHandler ["http-nio-8080"]
2025-05-17 14:55:17 [restartedMain] INFO  o.s.b.w.e.tomcat.TomcatWebServer - Tomcat started on port(s): 8080 (http) with context path ''
2025-05-17 14:55:17 [restartedMain] INFO  c.b.BookingAppBackendApplication - Started BookingAppBackendApplication in 4.033 seconds (JVM running for 4.728)
2025-05-17 14:58:13 [Thread-6] INFO  o.s.s.c.ThreadPoolTaskExecutor - Shutting down ExecutorService 'applicationTaskExecutor'
2025-05-17 14:58:13 [Thread-6] INFO  o.s.o.j.LocalContainerEntityManagerFactoryBean - Closing JPA EntityManagerFactory for persistence unit 'default'
2025-05-17 14:58:13 [Thread-6] INFO  com.zaxxer.hikari.HikariDataSource - HikariPool-1 - Shutdown initiated...
2025-05-17 14:58:13 [Thread-6] INFO  com.zaxxer.hikari.HikariDataSource - HikariPool-1 - Shutdown completed.
